2020-06-21 18:16:57,229 INFO o.a.j.u.JMeterUtils: Setting Locale to en
2020-06-21 18:16:57,311 INFO o.a.j.JMeter: Loading user properties from: /jmeter/apache-jmeter-3.3/bin/user.properties
2020-06-21 18:16:57,312 INFO o.a.j.JMeter: Loading system properties from: /jmeter/apache-jmeter-3.3/bin/system.properties
2020-06-21 18:16:57,343 INFO o.a.j.JMeter: Setting System property: server_port=1099
2020-06-21 18:16:57,344 INFO o.a.j.JMeter: Setting System property: server.rmi.localport=50000
2020-06-21 18:16:57,344 INFO o.a.j.JMeter: Setting System property: server_port=1099
2020-06-21 18:16:57,360 INFO o.a.j.JMeter: Copyright (c) 1998-2017 The Apache Software Foundation
2020-06-21 18:16:57,360 INFO o.a.j.JMeter: Version 3.3 r1808647
2020-06-21 18:16:57,360 INFO o.a.j.JMeter: java.version=1.8.0_181
2020-06-21 18:16:57,360 INFO o.a.j.JMeter: java.vm.name=OpenJDK 64-Bit Server VM
2020-06-21 18:16:57,360 INFO o.a.j.JMeter: os.name=Linux
2020-06-21 18:16:57,361 INFO o.a.j.JMeter: os.arch=amd64
2020-06-21 18:16:57,361 INFO o.a.j.JMeter: os.version=4.15.0-1089-azure
2020-06-21 18:16:57,361 INFO o.a.j.JMeter: file.encoding=UTF-8
2020-06-21 18:16:57,361 INFO o.a.j.JMeter: Max memory     =536870912
2020-06-21 18:16:57,361 INFO o.a.j.JMeter: Available Processors =1
2020-06-21 18:16:57,391 INFO o.a.j.JMeter: Default Locale=English
2020-06-21 18:16:57,392 INFO o.a.j.JMeter: JMeter  Locale=English
2020-06-21 18:16:57,392 INFO o.a.j.JMeter: JMeterHome=/jmeter/apache-jmeter-3.3
2020-06-21 18:16:57,392 INFO o.a.j.JMeter: user.dir  =/jmeter/apache-jmeter-3.3
2020-06-21 18:16:57,392 INFO o.a.j.JMeter: PWD       =/jmeter/apache-jmeter-3.3
2020-06-21 18:16:57,393 INFO o.a.j.JMeter: IP: 10.244.2.38 Name: distributed-jmeter-server-7cc9659bcb-vklzc FullName: distributed-jmeter-server-7cc9659bcb-vklzc
2020-06-21 18:16:57,658 INFO o.a.j.e.RemoteJMeterEngineImpl: Starting backing engine on 1099
2020-06-21 18:16:57,659 INFO o.a.j.e.RemoteJMeterEngineImpl: System property 'java.rmi.server.hostname' is not defined, using localHost address
2020-06-21 18:16:57,661 INFO o.a.j.e.RemoteJMeterEngineImpl: Local IP address=10.244.2.38
2020-06-21 18:16:57,661 INFO o.a.j.e.RemoteJMeterEngineImpl: IP address is a site-local address; this may cause problems with remote access.
	Can be overridden by defining the system property 'java.rmi.server.hostname' - see jmeter-server script file
2020-06-21 18:16:57,661 INFO o.a.j.e.RemoteJMeterEngineImpl: Creating RMI registry (server.rmi.create=true)
2020-06-21 18:16:57,676 INFO o.a.j.e.RemoteJMeterEngineImpl: Bound to registry on port 1099
2020-06-21 18:20:29,474 INFO o.a.j.s.SampleEvent: List of sample_variables: []
2020-06-21 18:20:29,668 INFO o.a.j.p.h.s.HTTPSamplerBase: Parser for text/html is org.apache.jmeter.protocol.http.parser.LagartoBasedHtmlParser
2020-06-21 18:20:29,668 INFO o.a.j.p.h.s.HTTPSamplerBase: Parser for application/xhtml+xml is org.apache.jmeter.protocol.http.parser.LagartoBasedHtmlParser
2020-06-21 18:20:29,668 INFO o.a.j.p.h.s.HTTPSamplerBase: Parser for application/xml is org.apache.jmeter.protocol.http.parser.LagartoBasedHtmlParser
2020-06-21 18:20:29,669 INFO o.a.j.p.h.s.HTTPSamplerBase: Parser for text/xml is org.apache.jmeter.protocol.http.parser.LagartoBasedHtmlParser
2020-06-21 18:20:29,669 INFO o.a.j.p.h.s.HTTPSamplerBase: Parser for text/vnd.wap.wml is org.apache.jmeter.protocol.http.parser.RegexpHTMLParser
2020-06-21 18:20:29,669 INFO o.a.j.p.h.s.HTTPSamplerBase: Parser for text/css is org.apache.jmeter.protocol.http.parser.CssParser
2020-06-21 18:20:29,847 INFO o.a.j.s.BatchSampleSender: Using batching for this run. Thresholds: num=100, time=60000
2020-06-21 18:20:29,847 INFO o.a.j.s.DataStrippingSampleSender: Using DataStrippingSampleSender for this run with stripAlsoOnError: true
2020-06-21 18:20:29,856 INFO o.a.j.s.BatchSampleSender: Using batching for this run. Thresholds: num=100, time=60000
2020-06-21 18:20:29,856 INFO o.a.j.s.DataStrippingSampleSender: Using DataStrippingSampleSender for this run with stripAlsoOnError: true
2020-06-21 18:20:29,880 INFO o.a.j.s.BatchSampleSender: Using batching for this run. Thresholds: num=100, time=60000
2020-06-21 18:20:29,880 INFO o.a.j.s.DataStrippingSampleSender: Using DataStrippingSampleSender for this run with stripAlsoOnError: true
2020-06-21 18:20:29,936 INFO o.a.j.e.RemoteJMeterEngineImpl: Creating JMeter engine on host 10.244.2.38 base '.'
2020-06-21 18:20:29,936 INFO o.a.j.e.RemoteJMeterEngineImpl: Remote client host: 10.244.2.37
2020-06-21 18:20:29,944 INFO o.a.j.s.FileServer: Default base='/jmeter/apache-jmeter-3.3'
2020-06-21 18:20:29,945 INFO o.a.j.s.FileServer: Set new base='.'
2020-06-21 18:20:29,951 INFO o.a.j.e.StandardJMeterEngine: Applying properties {}
2020-06-21 18:20:29,952 INFO o.a.j.e.RemoteJMeterEngineImpl: Running test
2020-06-21 18:20:29,963 INFO o.a.j.e.StandardJMeterEngine: Running the test!
2020-06-21 18:20:29,971 INFO o.a.j.s.SampleEvent: List of sample_variables: []
2020-06-21 18:20:29,988 INFO o.a.j.e.u.CompoundVariable: Note: Function class names must contain the string: '.functions.'
2020-06-21 18:20:29,988 INFO o.a.j.e.u.CompoundVariable: Note: Function class names must not contain the string: '.gui.'
2020-06-21 18:20:32,401 INFO o.a.j.e.StandardJMeterEngine: Starting ThreadGroup: 1 : Thread Group
2020-06-21 18:20:32,402 INFO o.a.j.e.StandardJMeterEngine: Starting 1 threads for group Thread Group.
2020-06-21 18:20:32,402 INFO o.a.j.e.StandardJMeterEngine: Thread will continue on error
2020-06-21 18:20:32,402 INFO o.a.j.t.ThreadGroup: Starting thread group... number=1 threads=1 ramp-up=1 perThread=1000.0 delayedStart=false
2020-06-21 18:20:32,408 INFO o.a.j.t.ThreadGroup: Started thread group number 1
2020-06-21 18:20:32,409 INFO o.a.j.e.StandardJMeterEngine: All thread groups have been started
2020-06-21 18:20:32,436 INFO o.a.j.t.JMeterThread: Thread started: Thread Group 1-1
2020-06-21 18:20:32,585 INFO o.a.j.p.h.s.HTTPHCAbstractImpl: Local host = distributed-jmeter-server-7cc9659bcb-vklzc
2020-06-21 18:20:32,621 INFO o.a.j.p.h.s.HTTPHC4Impl: HTTP request retry count = 0
2020-06-21 18:20:32,667 INFO o.a.j.s.SampleResult: Note: Sample TimeStamps are START times
2020-06-21 18:20:32,680 INFO o.a.j.s.SampleResult: sampleresult.default.encoding is set to ISO-8859-1
2020-06-21 18:20:32,681 INFO o.a.j.s.SampleResult: sampleresult.useNanoTime=true
2020-06-21 18:20:32,681 INFO o.a.j.s.SampleResult: sampleresult.nanoThreadSleep=5000
2020-06-21 18:20:33,252 INFO o.a.j.t.JMeterThread: Thread is done: Thread Group 1-1
2020-06-21 18:20:33,252 INFO o.a.j.t.JMeterThread: Thread finished: Thread Group 1-1
2020-06-21 18:20:33,281 INFO o.a.j.e.StandardJMeterEngine: Notifying test listeners of end of test
2020-06-21 18:20:33,282 INFO o.a.j.s.DataStrippingSampleSender: Test Ended on 10.244.2.38
2020-06-21 18:20:33,282 INFO o.a.j.s.BatchSampleSender: Test Ended on 10.244.2.38
2020-06-21 18:20:33,291 INFO o.a.j.s.DataStrippingSampleSender: Test Ended on 10.244.2.38
2020-06-21 18:20:33,291 INFO o.a.j.s.BatchSampleSender: Test Ended on 10.244.2.38
2020-06-21 18:20:33,292 INFO o.a.j.s.DataStrippingSampleSender: Test Ended on 10.244.2.38
2020-06-21 18:20:33,292 INFO o.a.j.s.BatchSampleSender: Test Ended on 10.244.2.38
2020-06-21 18:20:33,307 INFO o.a.j.e.StandardJMeterEngine: Test has ended on host 10.244.2.38
2020-06-21 18:24:06,811 INFO o.a.j.s.BatchSampleSender: Using batching for this run. Thresholds: num=100, time=60000
2020-06-21 18:24:06,813 INFO o.a.j.s.DataStrippingSampleSender: Using DataStrippingSampleSender for this run with stripAlsoOnError: true
2020-06-21 18:24:06,815 INFO o.a.j.s.BatchSampleSender: Using batching for this run. Thresholds: num=100, time=60000
2020-06-21 18:24:06,815 INFO o.a.j.s.DataStrippingSampleSender: Using DataStrippingSampleSender for this run with stripAlsoOnError: true
2020-06-21 18:24:06,821 INFO o.a.j.s.BatchSampleSender: Using batching for this run. Thresholds: num=100, time=60000
2020-06-21 18:24:06,821 INFO o.a.j.s.DataStrippingSampleSender: Using DataStrippingSampleSender for this run with stripAlsoOnError: true
2020-06-21 18:24:06,868 INFO o.a.j.e.RemoteJMeterEngineImpl: Creating JMeter engine on host 10.244.2.38 base '.'
2020-06-21 18:24:06,868 INFO o.a.j.e.RemoteJMeterEngineImpl: Remote client host: 10.244.2.37
2020-06-21 18:24:06,868 INFO o.a.j.s.FileServer: Set new base='.'
2020-06-21 18:24:06,875 INFO o.a.j.e.RemoteJMeterEngineImpl: Cleaning previously set properties: {}
2020-06-21 18:24:06,875 INFO o.a.j.e.StandardJMeterEngine: Applying properties {}
2020-06-21 18:24:06,886 INFO o.a.j.e.RemoteJMeterEngineImpl: Running test
2020-06-21 18:24:06,888 INFO o.a.j.e.StandardJMeterEngine: Running the test!
2020-06-21 18:24:06,888 INFO o.a.j.s.SampleEvent: List of sample_variables: []
2020-06-21 18:24:07,075 INFO o.a.j.e.StandardJMeterEngine: Starting ThreadGroup: 1 : Thread Group
2020-06-21 18:24:07,075 INFO o.a.j.e.StandardJMeterEngine: Starting 1 threads for group Thread Group.
2020-06-21 18:24:07,076 INFO o.a.j.e.StandardJMeterEngine: Thread will continue on error
2020-06-21 18:24:07,076 INFO o.a.j.t.ThreadGroup: Starting thread group... number=1 threads=1 ramp-up=1 perThread=1000.0 delayedStart=false
2020-06-21 18:24:07,078 INFO o.a.j.t.ThreadGroup: Started thread group number 1
2020-06-21 18:24:07,078 INFO o.a.j.e.StandardJMeterEngine: All thread groups have been started
2020-06-21 18:24:07,084 INFO o.a.j.t.JMeterThread: Thread started: Thread Group 1-1
2020-06-21 18:24:07,264 INFO o.a.j.t.JMeterThread: Thread is done: Thread Group 1-1
2020-06-21 18:24:07,264 INFO o.a.j.t.JMeterThread: Thread finished: Thread Group 1-1
2020-06-21 18:24:07,269 INFO o.a.j.e.StandardJMeterEngine: Notifying test listeners of end of test
2020-06-21 18:24:07,269 INFO o.a.j.s.DataStrippingSampleSender: Test Ended on 10.244.2.38
2020-06-21 18:24:07,269 INFO o.a.j.s.BatchSampleSender: Test Ended on 10.244.2.38
2020-06-21 18:24:07,271 INFO o.a.j.s.DataStrippingSampleSender: Test Ended on 10.244.2.38
2020-06-21 18:24:07,271 INFO o.a.j.s.BatchSampleSender: Test Ended on 10.244.2.38
2020-06-21 18:24:07,275 INFO o.a.j.s.DataStrippingSampleSender: Test Ended on 10.244.2.38
2020-06-21 18:24:07,275 INFO o.a.j.s.BatchSampleSender: Test Ended on 10.244.2.38
2020-06-21 18:24:07,283 INFO o.a.j.e.StandardJMeterEngine: Test has ended on host 10.244.2.38
2020-06-21 18:25:30,446 INFO o.a.j.s.BatchSampleSender: Using batching for this run. Thresholds: num=100, time=60000
2020-06-21 18:25:30,446 INFO o.a.j.s.DataStrippingSampleSender: Using DataStrippingSampleSender for this run with stripAlsoOnError: true
2020-06-21 18:25:30,447 INFO o.a.j.s.BatchSampleSender: Using batching for this run. Thresholds: num=100, time=60000
2020-06-21 18:25:30,447 INFO o.a.j.s.DataStrippingSampleSender: Using DataStrippingSampleSender for this run with stripAlsoOnError: true
2020-06-21 18:25:30,467 INFO o.a.j.s.BatchSampleSender: Using batching for this run. Thresholds: num=100, time=60000
2020-06-21 18:25:30,469 INFO o.a.j.s.DataStrippingSampleSender: Using DataStrippingSampleSender for this run with stripAlsoOnError: true
2020-06-21 18:25:30,534 INFO o.a.j.e.RemoteJMeterEngineImpl: Creating JMeter engine on host 10.244.2.38 base '.'
2020-06-21 18:25:30,534 INFO o.a.j.e.RemoteJMeterEngineImpl: Remote client host: 10.244.2.37
2020-06-21 18:25:30,534 INFO o.a.j.s.FileServer: Set new base='.'
2020-06-21 18:25:30,538 INFO o.a.j.e.RemoteJMeterEngineImpl: Cleaning previously set properties: {}
2020-06-21 18:25:30,538 INFO o.a.j.e.StandardJMeterEngine: Applying properties {}
2020-06-21 18:25:30,551 INFO o.a.j.e.RemoteJMeterEngineImpl: Running test
2020-06-21 18:25:30,552 INFO o.a.j.e.StandardJMeterEngine: Running the test!
2020-06-21 18:25:30,553 INFO o.a.j.s.SampleEvent: List of sample_variables: []
2020-06-21 18:25:30,688 INFO o.a.j.e.StandardJMeterEngine: Starting ThreadGroup: 1 : Thread Group
2020-06-21 18:25:30,688 INFO o.a.j.e.StandardJMeterEngine: Starting 1 threads for group Thread Group.
2020-06-21 18:25:30,688 INFO o.a.j.e.StandardJMeterEngine: Thread will continue on error
2020-06-21 18:25:30,689 INFO o.a.j.t.ThreadGroup: Starting thread group... number=1 threads=1 ramp-up=1 perThread=1000.0 delayedStart=false
2020-06-21 18:25:30,696 INFO o.a.j.t.ThreadGroup: Started thread group number 1
2020-06-21 18:25:30,697 INFO o.a.j.e.StandardJMeterEngine: All thread groups have been started
2020-06-21 18:25:30,700 INFO o.a.j.t.JMeterThread: Thread started: Thread Group 1-1
2020-06-21 18:25:30,819 INFO o.a.j.t.JMeterThread: Thread is done: Thread Group 1-1
2020-06-21 18:25:30,819 INFO o.a.j.t.JMeterThread: Thread finished: Thread Group 1-1
2020-06-21 18:25:30,827 INFO o.a.j.e.StandardJMeterEngine: Notifying test listeners of end of test
2020-06-21 18:25:30,827 INFO o.a.j.s.DataStrippingSampleSender: Test Ended on 10.244.2.38
2020-06-21 18:25:30,827 INFO o.a.j.s.BatchSampleSender: Test Ended on 10.244.2.38
2020-06-21 18:25:30,835 INFO o.a.j.s.DataStrippingSampleSender: Test Ended on 10.244.2.38
2020-06-21 18:25:30,835 INFO o.a.j.s.BatchSampleSender: Test Ended on 10.244.2.38
2020-06-21 18:25:30,843 INFO o.a.j.s.DataStrippingSampleSender: Test Ended on 10.244.2.38
2020-06-21 18:25:30,843 INFO o.a.j.s.BatchSampleSender: Test Ended on 10.244.2.38
2020-06-21 18:25:30,880 INFO o.a.j.e.StandardJMeterEngine: Test has ended on host 10.244.2.38
2020-06-21 18:26:21,438 INFO o.a.j.s.BatchSampleSender: Using batching for this run. Thresholds: num=100, time=60000
2020-06-21 18:26:21,438 INFO o.a.j.s.DataStrippingSampleSender: Using DataStrippingSampleSender for this run with stripAlsoOnError: true
2020-06-21 18:26:21,439 INFO o.a.j.s.BatchSampleSender: Using batching for this run. Thresholds: num=100, time=60000
2020-06-21 18:26:21,439 INFO o.a.j.s.DataStrippingSampleSender: Using DataStrippingSampleSender for this run with stripAlsoOnError: true
2020-06-21 18:26:21,445 INFO o.a.j.s.BatchSampleSender: Using batching for this run. Thresholds: num=100, time=60000
2020-06-21 18:26:21,445 INFO o.a.j.s.DataStrippingSampleSender: Using DataStrippingSampleSender for this run with stripAlsoOnError: true
2020-06-21 18:26:21,468 INFO o.a.j.e.RemoteJMeterEngineImpl: Creating JMeter engine on host 10.244.2.38 base '.'
2020-06-21 18:26:21,469 INFO o.a.j.e.RemoteJMeterEngineImpl: Remote client host: 10.244.2.37
2020-06-21 18:26:21,469 INFO o.a.j.s.FileServer: Set new base='.'
2020-06-21 18:26:21,472 INFO o.a.j.e.RemoteJMeterEngineImpl: Cleaning previously set properties: {}
2020-06-21 18:26:21,472 INFO o.a.j.e.StandardJMeterEngine: Applying properties {}
2020-06-21 18:26:21,475 INFO o.a.j.e.RemoteJMeterEngineImpl: Running test
2020-06-21 18:26:21,476 INFO o.a.j.e.StandardJMeterEngine: Running the test!
2020-06-21 18:26:21,477 INFO o.a.j.s.SampleEvent: List of sample_variables: []
2020-06-21 18:26:21,587 INFO o.a.j.e.StandardJMeterEngine: Starting ThreadGroup: 1 : Thread Group
2020-06-21 18:26:21,587 INFO o.a.j.e.StandardJMeterEngine: Starting 1 threads for group Thread Group.
2020-06-21 18:26:21,587 INFO o.a.j.e.StandardJMeterEngine: Thread will continue on error
2020-06-21 18:26:21,588 INFO o.a.j.t.ThreadGroup: Starting thread group... number=1 threads=1 ramp-up=1 perThread=1000.0 delayedStart=false
2020-06-21 18:26:21,589 INFO o.a.j.t.ThreadGroup: Started thread group number 1
2020-06-21 18:26:21,589 INFO o.a.j.e.StandardJMeterEngine: All thread groups have been started
2020-06-21 18:26:21,594 INFO o.a.j.t.JMeterThread: Thread started: Thread Group 1-1
2020-06-21 18:26:21,726 INFO o.a.j.t.JMeterThread: Thread is done: Thread Group 1-1
2020-06-21 18:26:21,726 INFO o.a.j.t.JMeterThread: Thread finished: Thread Group 1-1
2020-06-21 18:26:21,750 INFO o.a.j.e.StandardJMeterEngine: Notifying test listeners of end of test
2020-06-21 18:26:21,750 INFO o.a.j.s.DataStrippingSampleSender: Test Ended on 10.244.2.38
2020-06-21 18:26:21,751 INFO o.a.j.s.BatchSampleSender: Test Ended on 10.244.2.38
2020-06-21 18:26:21,759 INFO o.a.j.s.DataStrippingSampleSender: Test Ended on 10.244.2.38
2020-06-21 18:26:21,759 INFO o.a.j.s.BatchSampleSender: Test Ended on 10.244.2.38
2020-06-21 18:26:21,763 INFO o.a.j.s.DataStrippingSampleSender: Test Ended on 10.244.2.38
2020-06-21 18:26:21,763 INFO o.a.j.s.BatchSampleSender: Test Ended on 10.244.2.38
2020-06-21 18:26:21,775 INFO o.a.j.e.StandardJMeterEngine: Test has ended on host 10.244.2.38
2020-06-21 18:30:42,350 INFO o.a.j.p.h.c.CookieManager: Settings: Delete null: true Check: true Allow variable: true Save: false Prefix: COOKIE_
2020-06-21 18:30:42,392 INFO o.a.j.s.BatchSampleSender: Using batching for this run. Thresholds: num=100, time=60000
2020-06-21 18:30:42,392 INFO o.a.j.s.DataStrippingSampleSender: Using DataStrippingSampleSender for this run with stripAlsoOnError: true
2020-06-21 18:30:42,392 INFO o.a.j.s.BatchSampleSender: Using batching for this run. Thresholds: num=100, time=60000
2020-06-21 18:30:42,392 INFO o.a.j.s.DataStrippingSampleSender: Using DataStrippingSampleSender for this run with stripAlsoOnError: true
2020-06-21 18:30:42,392 INFO o.a.j.s.BatchSampleSender: Using batching for this run. Thresholds: num=100, time=60000
2020-06-21 18:30:42,392 INFO o.a.j.s.DataStrippingSampleSender: Using DataStrippingSampleSender for this run with stripAlsoOnError: true
2020-06-21 18:30:42,547 INFO o.a.j.e.RemoteJMeterEngineImpl: Creating JMeter engine on host 10.244.2.38 base '.'
2020-06-21 18:30:42,547 INFO o.a.j.e.RemoteJMeterEngineImpl: Remote client host: 10.244.2.37
2020-06-21 18:30:42,547 INFO o.a.j.s.FileServer: Set new base='.'
2020-06-21 18:30:42,551 INFO o.a.j.e.RemoteJMeterEngineImpl: Cleaning previously set properties: {}
2020-06-21 18:30:42,552 INFO o.a.j.e.StandardJMeterEngine: Applying properties {}
2020-06-21 18:30:42,555 INFO o.a.j.e.RemoteJMeterEngineImpl: Running test
2020-06-21 18:30:42,557 INFO o.a.j.e.StandardJMeterEngine: Running the test!
2020-06-21 18:30:42,563 INFO o.a.j.s.SampleEvent: List of sample_variables: []
2020-06-21 18:30:43,147 INFO o.a.j.e.StandardJMeterEngine: Starting ThreadGroup: 1 : Student
2020-06-21 18:30:43,147 INFO o.a.j.e.StandardJMeterEngine: Starting 3 threads for group Student.
2020-06-21 18:30:43,148 INFO o.a.j.e.StandardJMeterEngine: Thread will continue on error
2020-06-21 18:30:43,148 INFO o.a.j.t.ThreadGroup: Starting thread group... number=1 threads=3 ramp-up=1 perThread=333.33334 delayedStart=false
2020-06-21 18:30:43,232 INFO o.a.j.t.ThreadGroup: Started thread group number 1
2020-06-21 18:30:43,232 INFO o.a.j.e.StandardJMeterEngine: Starting ThreadGroup: 2 : Teacher
2020-06-21 18:30:43,232 INFO o.a.j.e.StandardJMeterEngine: Starting 1 threads for group Teacher.
2020-06-21 18:30:43,232 INFO o.a.j.e.StandardJMeterEngine: Thread will continue on error
2020-06-21 18:30:43,232 INFO o.a.j.t.ThreadGroup: Starting thread group... number=2 threads=1 ramp-up=1 perThread=1000.0 delayedStart=false
2020-06-21 18:30:43,235 INFO o.a.j.t.ThreadGroup: Started thread group number 2
2020-06-21 18:30:43,239 INFO o.a.j.e.StandardJMeterEngine: All thread groups have been started
2020-06-21 18:30:43,432 INFO o.a.j.t.JMeterThread: Thread started: Student 1-1
2020-06-21 18:30:43,434 INFO o.a.j.t.JMeterThread: Thread started: Teacher 2-1
2020-06-21 18:30:43,440 INFO o.a.j.s.FileServer: Stored: qap-uat-student.csv
2020-06-21 18:30:43,468 INFO o.a.j.s.FileServer: Stored: qap-uat-teacher.csv
2020-06-21 18:30:43,468 ERROR o.a.j.t.JMeterThread: Test failed!
java.lang.IllegalArgumentException: Could not read file header line for file qap-uat-teacher.csv
	at org.apache.jmeter.services.FileServer.reserveFile(FileServer.java:289) ~[ApacheJMeter_core.jar:3.3 r1808647]
	at org.apache.jmeter.config.CSVDataSet.iterationStart(CSVDataSet.java:181) ~[ApacheJMeter_components.jar:3.3 r1808647]
	at org.apache.jmeter.control.GenericController.fireIterationStart(GenericController.java:393) ~[ApacheJMeter_core.jar:3.3 r1808647]
	at org.apache.jmeter.control.GenericController.fireIterEvents(GenericController.java:385) ~[ApacheJMeter_core.jar:3.3 r1808647]
	at org.apache.jmeter.control.GenericController.next(GenericController.java:158) ~[ApacheJMeter_core.jar:3.3 r1808647]
	at org.apache.jmeter.control.LoopController.next(LoopController.java:123) ~[ApacheJMeter_core.jar:3.3 r1808647]
	at org.apache.jmeter.threads.AbstractThreadGroup.next(AbstractThreadGroup.java:87) ~[ApacheJMeter_core.jar:3.3 r1808647]
	at org.apache.jmeter.threads.JMeterThread.run(JMeterThread.java:253) [ApacheJMeter_core.jar:3.3 r1808647]
	at java.lang.Thread.run(Thread.java:748) [?:1.8.0_181]
Caused by: java.lang.IllegalArgumentException: File qap-uat-teacher.csv must exist and be readable
	at org.apache.jmeter.services.FileServer.createBufferedReader(FileServer.java:430) ~[ApacheJMeter_core.jar:3.3 r1808647]
	at org.apache.jmeter.services.FileServer.readLine(FileServer.java:346) ~[ApacheJMeter_core.jar:3.3 r1808647]
	at org.apache.jmeter.services.FileServer.readLine(FileServer.java:330) ~[ApacheJMeter_core.jar:3.3 r1808647]
	at org.apache.jmeter.services.FileServer.reserveFile(FileServer.java:278) ~[ApacheJMeter_core.jar:3.3 r1808647]
	... 8 more
2020-06-21 18:30:43,471 INFO o.a.j.t.JMeterThread: Thread finished: Teacher 2-1
2020-06-21 18:30:43,440 ERROR o.a.j.t.JMeterThread: Test failed!
java.lang.IllegalArgumentException: Could not read file header line for file qap-uat-student.csv
	at org.apache.jmeter.services.FileServer.reserveFile(FileServer.java:289) ~[ApacheJMeter_core.jar:3.3 r1808647]
	at org.apache.jmeter.config.CSVDataSet.iterationStart(CSVDataSet.java:181) ~[ApacheJMeter_components.jar:3.3 r1808647]
	at org.apache.jmeter.control.GenericController.fireIterationStart(GenericController.java:393) ~[ApacheJMeter_core.jar:3.3 r1808647]
	at org.apache.jmeter.control.GenericController.fireIterEvents(GenericController.java:385) ~[ApacheJMeter_core.jar:3.3 r1808647]
	at org.apache.jmeter.control.GenericController.next(GenericController.java:158) ~[ApacheJMeter_core.jar:3.3 r1808647]
	at org.apache.jmeter.control.LoopController.next(LoopController.java:123) ~[ApacheJMeter_core.jar:3.3 r1808647]
	at org.apache.jmeter.threads.AbstractThreadGroup.next(AbstractThreadGroup.java:87) ~[ApacheJMeter_core.jar:3.3 r1808647]
	at org.apache.jmeter.threads.JMeterThread.run(JMeterThread.java:253) [ApacheJMeter_core.jar:3.3 r1808647]
	at java.lang.Thread.run(Thread.java:748) [?:1.8.0_181]
Caused by: java.lang.IllegalArgumentException: File qap-uat-student.csv must exist and be readable
	at org.apache.jmeter.services.FileServer.createBufferedReader(FileServer.java:430) ~[ApacheJMeter_core.jar:3.3 r1808647]
	at org.apache.jmeter.services.FileServer.readLine(FileServer.java:346) ~[ApacheJMeter_core.jar:3.3 r1808647]
	at org.apache.jmeter.services.FileServer.readLine(FileServer.java:330) ~[ApacheJMeter_core.jar:3.3 r1808647]
	at org.apache.jmeter.services.FileServer.reserveFile(FileServer.java:278) ~[ApacheJMeter_core.jar:3.3 r1808647]
	... 8 more
2020-06-21 18:30:43,477 INFO o.a.j.t.JMeterThread: Thread finished: Student 1-1
2020-06-21 18:30:43,781 INFO o.a.j.t.JMeterThread: Thread started: Student 1-2
2020-06-21 18:30:43,785 ERROR o.a.j.t.JMeterThread: Test failed!
java.lang.IllegalArgumentException: Could not read file header line for file qap-uat-student.csv
	at org.apache.jmeter.services.FileServer.reserveFile(FileServer.java:289) ~[ApacheJMeter_core.jar:3.3 r1808647]
	at org.apache.jmeter.config.CSVDataSet.iterationStart(CSVDataSet.java:181) ~[ApacheJMeter_components.jar:3.3 r1808647]
	at org.apache.jmeter.control.GenericController.fireIterationStart(GenericController.java:393) ~[ApacheJMeter_core.jar:3.3 r1808647]
	at org.apache.jmeter.control.GenericController.fireIterEvents(GenericController.java:385) ~[ApacheJMeter_core.jar:3.3 r1808647]
	at org.apache.jmeter.control.GenericController.next(GenericController.java:158) ~[ApacheJMeter_core.jar:3.3 r1808647]
	at org.apache.jmeter.control.LoopController.next(LoopController.java:123) ~[ApacheJMeter_core.jar:3.3 r1808647]
	at org.apache.jmeter.threads.AbstractThreadGroup.next(AbstractThreadGroup.java:87) ~[ApacheJMeter_core.jar:3.3 r1808647]
	at org.apache.jmeter.threads.JMeterThread.run(JMeterThread.java:253) [ApacheJMeter_core.jar:3.3 r1808647]
	at java.lang.Thread.run(Thread.java:748) [?:1.8.0_181]
Caused by: java.lang.IllegalArgumentException: File qap-uat-student.csv must exist and be readable
	at org.apache.jmeter.services.FileServer.createBufferedReader(FileServer.java:430) ~[ApacheJMeter_core.jar:3.3 r1808647]
	at org.apache.jmeter.services.FileServer.readLine(FileServer.java:346) ~[ApacheJMeter_core.jar:3.3 r1808647]
	at org.apache.jmeter.services.FileServer.readLine(FileServer.java:330) ~[ApacheJMeter_core.jar:3.3 r1808647]
	at org.apache.jmeter.services.FileServer.reserveFile(FileServer.java:278) ~[ApacheJMeter_core.jar:3.3 r1808647]
	... 8 more
2020-06-21 18:30:43,786 INFO o.a.j.t.JMeterThread: Thread finished: Student 1-2
2020-06-21 18:30:44,115 INFO o.a.j.t.JMeterThread: Thread started: Student 1-3
2020-06-21 18:30:44,119 ERROR o.a.j.t.JMeterThread: Test failed!
java.lang.IllegalArgumentException: Could not read file header line for file qap-uat-student.csv
	at org.apache.jmeter.services.FileServer.reserveFile(FileServer.java:289) ~[ApacheJMeter_core.jar:3.3 r1808647]
	at org.apache.jmeter.config.CSVDataSet.iterationStart(CSVDataSet.java:181) ~[ApacheJMeter_components.jar:3.3 r1808647]
	at org.apache.jmeter.control.GenericController.fireIterationStart(GenericController.java:393) ~[ApacheJMeter_core.jar:3.3 r1808647]
	at org.apache.jmeter.control.GenericController.fireIterEvents(GenericController.java:385) ~[ApacheJMeter_core.jar:3.3 r1808647]
	at org.apache.jmeter.control.GenericController.next(GenericController.java:158) ~[ApacheJMeter_core.jar:3.3 r1808647]
	at org.apache.jmeter.control.LoopController.next(LoopController.java:123) ~[ApacheJMeter_core.jar:3.3 r1808647]
	at org.apache.jmeter.threads.AbstractThreadGroup.next(AbstractThreadGroup.java:87) ~[ApacheJMeter_core.jar:3.3 r1808647]
	at org.apache.jmeter.threads.JMeterThread.run(JMeterThread.java:253) [ApacheJMeter_core.jar:3.3 r1808647]
	at java.lang.Thread.run(Thread.java:748) [?:1.8.0_181]
Caused by: java.lang.IllegalArgumentException: File qap-uat-student.csv must exist and be readable
	at org.apache.jmeter.services.FileServer.createBufferedReader(FileServer.java:430) ~[ApacheJMeter_core.jar:3.3 r1808647]
	at org.apache.jmeter.services.FileServer.readLine(FileServer.java:346) ~[ApacheJMeter_core.jar:3.3 r1808647]
	at org.apache.jmeter.services.FileServer.readLine(FileServer.java:330) ~[ApacheJMeter_core.jar:3.3 r1808647]
	at org.apache.jmeter.services.FileServer.reserveFile(FileServer.java:278) ~[ApacheJMeter_core.jar:3.3 r1808647]
	... 8 more
2020-06-21 18:30:44,119 INFO o.a.j.t.JMeterThread: Thread finished: Student 1-3
2020-06-21 18:30:44,121 INFO o.a.j.e.StandardJMeterEngine: Notifying test listeners of end of test
2020-06-21 18:30:44,121 INFO o.a.j.s.DataStrippingSampleSender: Test Ended on 10.244.2.38
2020-06-21 18:30:44,121 INFO o.a.j.s.BatchSampleSender: Test Ended on 10.244.2.38
2020-06-21 18:30:44,122 INFO o.a.j.s.DataStrippingSampleSender: Test Ended on 10.244.2.38
2020-06-21 18:30:44,122 INFO o.a.j.s.BatchSampleSender: Test Ended on 10.244.2.38
2020-06-21 18:30:44,123 INFO o.a.j.s.DataStrippingSampleSender: Test Ended on 10.244.2.38
2020-06-21 18:30:44,123 INFO o.a.j.s.BatchSampleSender: Test Ended on 10.244.2.38
2020-06-21 18:30:44,128 INFO o.a.j.e.StandardJMeterEngine: Test has ended on host 10.244.2.38
2020-06-21 18:38:57,489 INFO o.a.j.s.BatchSampleSender: Using batching for this run. Thresholds: num=100, time=60000
2020-06-21 18:38:57,489 INFO o.a.j.s.DataStrippingSampleSender: Using DataStrippingSampleSender for this run with stripAlsoOnError: true
2020-06-21 18:38:57,490 INFO o.a.j.s.BatchSampleSender: Using batching for this run. Thresholds: num=100, time=60000
2020-06-21 18:38:57,490 INFO o.a.j.s.DataStrippingSampleSender: Using DataStrippingSampleSender for this run with stripAlsoOnError: true
2020-06-21 18:38:57,505 INFO o.a.j.s.BatchSampleSender: Using batching for this run. Thresholds: num=100, time=60000
2020-06-21 18:38:57,506 INFO o.a.j.s.DataStrippingSampleSender: Using DataStrippingSampleSender for this run with stripAlsoOnError: true
2020-06-21 18:38:57,561 INFO o.a.j.e.RemoteJMeterEngineImpl: Creating JMeter engine on host 10.244.2.38 base '.'
2020-06-21 18:38:57,561 INFO o.a.j.e.RemoteJMeterEngineImpl: Remote client host: 10.244.2.37
2020-06-21 18:38:57,561 INFO o.a.j.s.FileServer: Set new base='.'
2020-06-21 18:38:57,565 INFO o.a.j.e.RemoteJMeterEngineImpl: Cleaning previously set properties: {}
2020-06-21 18:38:57,565 INFO o.a.j.e.StandardJMeterEngine: Applying properties {}
2020-06-21 18:38:57,575 INFO o.a.j.e.RemoteJMeterEngineImpl: Running test
2020-06-21 18:38:57,591 INFO o.a.j.e.StandardJMeterEngine: Running the test!
2020-06-21 18:38:57,592 INFO o.a.j.s.SampleEvent: List of sample_variables: []
2020-06-21 18:38:57,867 INFO o.a.j.e.StandardJMeterEngine: Starting ThreadGroup: 1 : Student
2020-06-21 18:38:57,867 INFO o.a.j.e.StandardJMeterEngine: Starting 3 threads for group Student.
2020-06-21 18:38:57,868 INFO o.a.j.e.StandardJMeterEngine: Thread will continue on error
2020-06-21 18:38:57,868 INFO o.a.j.t.ThreadGroup: Starting thread group... number=1 threads=3 ramp-up=1 perThread=333.33334 delayedStart=false
2020-06-21 18:38:57,909 INFO o.a.j.t.JMeterThread: Thread started: Student 1-1
2020-06-21 18:38:57,917 INFO o.a.j.s.FileServer: Stored: qap-uat-student.csv
2020-06-21 18:38:57,917 ERROR o.a.j.t.JMeterThread: Test failed!
java.lang.IllegalArgumentException: Could not read file header line for file qap-uat-student.csv
	at org.apache.jmeter.services.FileServer.reserveFile(FileServer.java:289) ~[ApacheJMeter_core.jar:3.3 r1808647]
	at org.apache.jmeter.config.CSVDataSet.iterationStart(CSVDataSet.java:181) ~[ApacheJMeter_components.jar:3.3 r1808647]
	at org.apache.jmeter.control.GenericController.fireIterationStart(GenericController.java:393) ~[ApacheJMeter_core.jar:3.3 r1808647]
	at org.apache.jmeter.control.GenericController.fireIterEvents(GenericController.java:385) ~[ApacheJMeter_core.jar:3.3 r1808647]
	at org.apache.jmeter.control.GenericController.next(GenericController.java:158) ~[ApacheJMeter_core.jar:3.3 r1808647]
	at org.apache.jmeter.control.LoopController.next(LoopController.java:123) ~[ApacheJMeter_core.jar:3.3 r1808647]
	at org.apache.jmeter.threads.AbstractThreadGroup.next(AbstractThreadGroup.java:87) ~[ApacheJMeter_core.jar:3.3 r1808647]
	at org.apache.jmeter.threads.JMeterThread.run(JMeterThread.java:253) [ApacheJMeter_core.jar:3.3 r1808647]
	at java.lang.Thread.run(Thread.java:748) [?:1.8.0_181]
Caused by: java.lang.IllegalArgumentException: File qap-uat-student.csv must exist and be readable
	at org.apache.jmeter.services.FileServer.createBufferedReader(FileServer.java:430) ~[ApacheJMeter_core.jar:3.3 r1808647]
	at org.apache.jmeter.services.FileServer.readLine(FileServer.java:346) ~[ApacheJMeter_core.jar:3.3 r1808647]
	at org.apache.jmeter.services.FileServer.readLine(FileServer.java:330) ~[ApacheJMeter_core.jar:3.3 r1808647]
	at org.apache.jmeter.services.FileServer.reserveFile(FileServer.java:278) ~[ApacheJMeter_core.jar:3.3 r1808647]
	... 8 more
2020-06-21 18:38:57,917 INFO o.a.j.t.JMeterThread: Thread finished: Student 1-1
2020-06-21 18:38:57,925 INFO o.a.j.t.ThreadGroup: Started thread group number 1
2020-06-21 18:38:57,925 INFO o.a.j.e.StandardJMeterEngine: Starting ThreadGroup: 2 : Teacher
2020-06-21 18:38:57,926 INFO o.a.j.e.StandardJMeterEngine: Starting 1 threads for group Teacher.
2020-06-21 18:38:57,926 INFO o.a.j.e.StandardJMeterEngine: Thread will continue on error
2020-06-21 18:38:57,926 INFO o.a.j.t.ThreadGroup: Starting thread group... number=2 threads=1 ramp-up=1 perThread=1000.0 delayedStart=false
2020-06-21 18:38:57,942 INFO o.a.j.t.ThreadGroup: Started thread group number 2
2020-06-21 18:38:57,942 INFO o.a.j.e.StandardJMeterEngine: All thread groups have been started
2020-06-21 18:38:57,947 INFO o.a.j.t.JMeterThread: Thread started: Teacher 2-1
2020-06-21 18:38:57,959 INFO o.a.j.s.FileServer: Stored: qap-uat-teacher.csv
2020-06-21 18:38:57,959 ERROR o.a.j.t.JMeterThread: Test failed!
java.lang.IllegalArgumentException: Could not read file header line for file qap-uat-teacher.csv
	at org.apache.jmeter.services.FileServer.reserveFile(FileServer.java:289) ~[ApacheJMeter_core.jar:3.3 r1808647]
	at org.apache.jmeter.config.CSVDataSet.iterationStart(CSVDataSet.java:181) ~[ApacheJMeter_components.jar:3.3 r1808647]
	at org.apache.jmeter.control.GenericController.fireIterationStart(GenericController.java:393) ~[ApacheJMeter_core.jar:3.3 r1808647]
	at org.apache.jmeter.control.GenericController.fireIterEvents(GenericController.java:385) ~[ApacheJMeter_core.jar:3.3 r1808647]
	at org.apache.jmeter.control.GenericController.next(GenericController.java:158) ~[ApacheJMeter_core.jar:3.3 r1808647]
	at org.apache.jmeter.control.LoopController.next(LoopController.java:123) ~[ApacheJMeter_core.jar:3.3 r1808647]
	at org.apache.jmeter.threads.AbstractThreadGroup.next(AbstractThreadGroup.java:87) ~[ApacheJMeter_core.jar:3.3 r1808647]
	at org.apache.jmeter.threads.JMeterThread.run(JMeterThread.java:253) [ApacheJMeter_core.jar:3.3 r1808647]
	at java.lang.Thread.run(Thread.java:748) [?:1.8.0_181]
Caused by: java.lang.IllegalArgumentException: File qap-uat-teacher.csv must exist and be readable
	at org.apache.jmeter.services.FileServer.createBufferedReader(FileServer.java:430) ~[ApacheJMeter_core.jar:3.3 r1808647]
	at org.apache.jmeter.services.FileServer.readLine(FileServer.java:346) ~[ApacheJMeter_core.jar:3.3 r1808647]
	at org.apache.jmeter.services.FileServer.readLine(FileServer.java:330) ~[ApacheJMeter_core.jar:3.3 r1808647]
	at org.apache.jmeter.services.FileServer.reserveFile(FileServer.java:278) ~[ApacheJMeter_core.jar:3.3 r1808647]
	... 8 more
2020-06-21 18:38:57,960 INFO o.a.j.t.JMeterThread: Thread finished: Teacher 2-1
2020-06-21 18:38:58,255 INFO o.a.j.t.JMeterThread: Thread started: Student 1-2
2020-06-21 18:38:58,267 ERROR o.a.j.t.JMeterThread: Test failed!
java.lang.IllegalArgumentException: Could not read file header line for file qap-uat-student.csv
	at org.apache.jmeter.services.FileServer.reserveFile(FileServer.java:289) ~[ApacheJMeter_core.jar:3.3 r1808647]
	at org.apache.jmeter.config.CSVDataSet.iterationStart(CSVDataSet.java:181) ~[ApacheJMeter_components.jar:3.3 r1808647]
	at org.apache.jmeter.control.GenericController.fireIterationStart(GenericController.java:393) ~[ApacheJMeter_core.jar:3.3 r1808647]
	at org.apache.jmeter.control.GenericController.fireIterEvents(GenericController.java:385) ~[ApacheJMeter_core.jar:3.3 r1808647]
	at org.apache.jmeter.control.GenericController.next(GenericController.java:158) ~[ApacheJMeter_core.jar:3.3 r1808647]
	at org.apache.jmeter.control.LoopController.next(LoopController.java:123) ~[ApacheJMeter_core.jar:3.3 r1808647]
	at org.apache.jmeter.threads.AbstractThreadGroup.next(AbstractThreadGroup.java:87) ~[ApacheJMeter_core.jar:3.3 r1808647]
	at org.apache.jmeter.threads.JMeterThread.run(JMeterThread.java:253) [ApacheJMeter_core.jar:3.3 r1808647]
	at java.lang.Thread.run(Thread.java:748) [?:1.8.0_181]
Caused by: java.lang.IllegalArgumentException: File qap-uat-student.csv must exist and be readable
	at org.apache.jmeter.services.FileServer.createBufferedReader(FileServer.java:430) ~[ApacheJMeter_core.jar:3.3 r1808647]
	at org.apache.jmeter.services.FileServer.readLine(FileServer.java:346) ~[ApacheJMeter_core.jar:3.3 r1808647]
	at org.apache.jmeter.services.FileServer.readLine(FileServer.java:330) ~[ApacheJMeter_core.jar:3.3 r1808647]
	at org.apache.jmeter.services.FileServer.reserveFile(FileServer.java:278) ~[ApacheJMeter_core.jar:3.3 r1808647]
	... 8 more
2020-06-21 18:38:58,268 INFO o.a.j.t.JMeterThread: Thread finished: Student 1-2
2020-06-21 18:38:58,586 INFO o.a.j.t.JMeterThread: Thread started: Student 1-3
2020-06-21 18:38:58,611 ERROR o.a.j.t.JMeterThread: Test failed!
java.lang.IllegalArgumentException: Could not read file header line for file qap-uat-student.csv
	at org.apache.jmeter.services.FileServer.reserveFile(FileServer.java:289) ~[ApacheJMeter_core.jar:3.3 r1808647]
	at org.apache.jmeter.config.CSVDataSet.iterationStart(CSVDataSet.java:181) ~[ApacheJMeter_components.jar:3.3 r1808647]
	at org.apache.jmeter.control.GenericController.fireIterationStart(GenericController.java:393) ~[ApacheJMeter_core.jar:3.3 r1808647]
	at org.apache.jmeter.control.GenericController.fireIterEvents(GenericController.java:385) ~[ApacheJMeter_core.jar:3.3 r1808647]
	at org.apache.jmeter.control.GenericController.next(GenericController.java:158) ~[ApacheJMeter_core.jar:3.3 r1808647]
	at org.apache.jmeter.control.LoopController.next(LoopController.java:123) ~[ApacheJMeter_core.jar:3.3 r1808647]
	at org.apache.jmeter.threads.AbstractThreadGroup.next(AbstractThreadGroup.java:87) ~[ApacheJMeter_core.jar:3.3 r1808647]
	at org.apache.jmeter.threads.JMeterThread.run(JMeterThread.java:253) [ApacheJMeter_core.jar:3.3 r1808647]
	at java.lang.Thread.run(Thread.java:748) [?:1.8.0_181]
Caused by: java.lang.IllegalArgumentException: File qap-uat-student.csv must exist and be readable
	at org.apache.jmeter.services.FileServer.createBufferedReader(FileServer.java:430) ~[ApacheJMeter_core.jar:3.3 r1808647]
	at org.apache.jmeter.services.FileServer.readLine(FileServer.java:346) ~[ApacheJMeter_core.jar:3.3 r1808647]
	at org.apache.jmeter.services.FileServer.readLine(FileServer.java:330) ~[ApacheJMeter_core.jar:3.3 r1808647]
	at org.apache.jmeter.services.FileServer.reserveFile(FileServer.java:278) ~[ApacheJMeter_core.jar:3.3 r1808647]
	... 8 more
2020-06-21 18:38:58,612 INFO o.a.j.t.JMeterThread: Thread finished: Student 1-3
2020-06-21 18:38:58,617 INFO o.a.j.e.StandardJMeterEngine: Notifying test listeners of end of test
2020-06-21 18:38:58,617 INFO o.a.j.s.DataStrippingSampleSender: Test Ended on 10.244.2.38
2020-06-21 18:38:58,617 INFO o.a.j.s.BatchSampleSender: Test Ended on 10.244.2.38
2020-06-21 18:38:58,627 INFO o.a.j.s.DataStrippingSampleSender: Test Ended on 10.244.2.38
2020-06-21 18:38:58,635 INFO o.a.j.s.BatchSampleSender: Test Ended on 10.244.2.38
2020-06-21 18:38:58,639 INFO o.a.j.s.DataStrippingSampleSender: Test Ended on 10.244.2.38
2020-06-21 18:38:58,643 INFO o.a.j.s.BatchSampleSender: Test Ended on 10.244.2.38
2020-06-21 18:38:58,655 INFO o.a.j.e.StandardJMeterEngine: Test has ended on host 10.244.2.38
2020-06-21 18:44:18,926 INFO o.a.j.s.BatchSampleSender: Using batching for this run. Thresholds: num=100, time=60000
2020-06-21 18:44:18,926 INFO o.a.j.s.DataStrippingSampleSender: Using DataStrippingSampleSender for this run with stripAlsoOnError: true
2020-06-21 18:44:18,926 INFO o.a.j.s.BatchSampleSender: Using batching for this run. Thresholds: num=100, time=60000
2020-06-21 18:44:18,927 INFO o.a.j.s.DataStrippingSampleSender: Using DataStrippingSampleSender for this run with stripAlsoOnError: true
2020-06-21 18:44:18,927 INFO o.a.j.s.BatchSampleSender: Using batching for this run. Thresholds: num=100, time=60000
2020-06-21 18:44:18,927 INFO o.a.j.s.DataStrippingSampleSender: Using DataStrippingSampleSender for this run with stripAlsoOnError: true
2020-06-21 18:44:19,007 INFO o.a.j.e.RemoteJMeterEngineImpl: Creating JMeter engine on host 10.244.2.38 base '.'
2020-06-21 18:44:19,007 INFO o.a.j.e.RemoteJMeterEngineImpl: Remote client host: 10.244.2.37
2020-06-21 18:44:19,007 INFO o.a.j.s.FileServer: Set new base='.'
2020-06-21 18:44:19,021 INFO o.a.j.e.RemoteJMeterEngineImpl: Cleaning previously set properties: {}
2020-06-21 18:44:19,021 INFO o.a.j.e.StandardJMeterEngine: Applying properties {}
2020-06-21 18:44:19,036 INFO o.a.j.e.RemoteJMeterEngineImpl: Running test
2020-06-21 18:44:19,048 INFO o.a.j.e.StandardJMeterEngine: Running the test!
2020-06-21 18:44:19,048 INFO o.a.j.s.SampleEvent: List of sample_variables: []
2020-06-21 18:44:19,199 INFO o.a.j.e.StandardJMeterEngine: Starting ThreadGroup: 1 : Student
2020-06-21 18:44:19,199 INFO o.a.j.e.StandardJMeterEngine: Starting 3 threads for group Student.
2020-06-21 18:44:19,199 INFO o.a.j.e.StandardJMeterEngine: Thread will continue on error
2020-06-21 18:44:19,200 INFO o.a.j.t.ThreadGroup: Starting thread group... number=1 threads=3 ramp-up=1 perThread=333.33334 delayedStart=false
2020-06-21 18:44:19,214 INFO o.a.j.t.JMeterThread: Thread started: Student 1-1
2020-06-21 18:44:19,217 INFO o.a.j.t.ThreadGroup: Started thread group number 1
2020-06-21 18:44:19,217 INFO o.a.j.e.StandardJMeterEngine: Starting ThreadGroup: 2 : Teacher
2020-06-21 18:44:19,217 INFO o.a.j.e.StandardJMeterEngine: Starting 1 threads for group Teacher.
2020-06-21 18:44:19,217 INFO o.a.j.e.StandardJMeterEngine: Thread will continue on error
2020-06-21 18:44:19,217 INFO o.a.j.t.ThreadGroup: Starting thread group... number=2 threads=1 ramp-up=1 perThread=1000.0 delayedStart=false
2020-06-21 18:44:19,224 INFO o.a.j.s.FileServer: Stored: qap-uat-student.csv
2020-06-21 18:44:19,224 ERROR o.a.j.t.JMeterThread: Test failed!
java.lang.IllegalArgumentException: Could not read file header line for file qap-uat-student.csv
	at org.apache.jmeter.services.FileServer.reserveFile(FileServer.java:289) ~[ApacheJMeter_core.jar:3.3 r1808647]
	at org.apache.jmeter.config.CSVDataSet.iterationStart(CSVDataSet.java:181) ~[ApacheJMeter_components.jar:3.3 r1808647]
	at org.apache.jmeter.control.GenericController.fireIterationStart(GenericController.java:393) ~[ApacheJMeter_core.jar:3.3 r1808647]
	at org.apache.jmeter.control.GenericController.fireIterEvents(GenericController.java:385) ~[ApacheJMeter_core.jar:3.3 r1808647]
	at org.apache.jmeter.control.GenericController.next(GenericController.java:158) ~[ApacheJMeter_core.jar:3.3 r1808647]
	at org.apache.jmeter.control.LoopController.next(LoopController.java:123) ~[ApacheJMeter_core.jar:3.3 r1808647]
	at org.apache.jmeter.threads.AbstractThreadGroup.next(AbstractThreadGroup.java:87) ~[ApacheJMeter_core.jar:3.3 r1808647]
	at org.apache.jmeter.threads.JMeterThread.run(JMeterThread.java:253) [ApacheJMeter_core.jar:3.3 r1808647]
	at java.lang.Thread.run(Thread.java:748) [?:1.8.0_181]
Caused by: java.lang.IllegalArgumentException: File qap-uat-student.csv must exist and be readable
	at org.apache.jmeter.services.FileServer.createBufferedReader(FileServer.java:430) ~[ApacheJMeter_core.jar:3.3 r1808647]
	at org.apache.jmeter.services.FileServer.readLine(FileServer.java:346) ~[ApacheJMeter_core.jar:3.3 r1808647]
	at org.apache.jmeter.services.FileServer.readLine(FileServer.java:330) ~[ApacheJMeter_core.jar:3.3 r1808647]
	at org.apache.jmeter.services.FileServer.reserveFile(FileServer.java:278) ~[ApacheJMeter_core.jar:3.3 r1808647]
	... 8 more
2020-06-21 18:44:19,224 INFO o.a.j.t.JMeterThread: Thread finished: Student 1-1
2020-06-21 18:44:19,225 INFO o.a.j.t.ThreadGroup: Started thread group number 2
2020-06-21 18:44:19,225 INFO o.a.j.e.StandardJMeterEngine: All thread groups have been started
2020-06-21 18:44:19,227 INFO o.a.j.t.JMeterThread: Thread started: Teacher 2-1
2020-06-21 18:44:19,229 INFO o.a.j.s.FileServer: Stored: qap-uat-teacher.csv
2020-06-21 18:44:19,230 ERROR o.a.j.t.JMeterThread: Test failed!
java.lang.IllegalArgumentException: Could not read file header line for file qap-uat-teacher.csv
	at org.apache.jmeter.services.FileServer.reserveFile(FileServer.java:289) ~[ApacheJMeter_core.jar:3.3 r1808647]
	at org.apache.jmeter.config.CSVDataSet.iterationStart(CSVDataSet.java:181) ~[ApacheJMeter_components.jar:3.3 r1808647]
	at org.apache.jmeter.control.GenericController.fireIterationStart(GenericController.java:393) ~[ApacheJMeter_core.jar:3.3 r1808647]
	at org.apache.jmeter.control.GenericController.fireIterEvents(GenericController.java:385) ~[ApacheJMeter_core.jar:3.3 r1808647]
	at org.apache.jmeter.control.GenericController.next(GenericController.java:158) ~[ApacheJMeter_core.jar:3.3 r1808647]
	at org.apache.jmeter.control.LoopController.next(LoopController.java:123) ~[ApacheJMeter_core.jar:3.3 r1808647]
	at org.apache.jmeter.threads.AbstractThreadGroup.next(AbstractThreadGroup.java:87) ~[ApacheJMeter_core.jar:3.3 r1808647]
	at org.apache.jmeter.threads.JMeterThread.run(JMeterThread.java:253) [ApacheJMeter_core.jar:3.3 r1808647]
	at java.lang.Thread.run(Thread.java:748) [?:1.8.0_181]
Caused by: java.lang.IllegalArgumentException: File qap-uat-teacher.csv must exist and be readable
	at org.apache.jmeter.services.FileServer.createBufferedReader(FileServer.java:430) ~[ApacheJMeter_core.jar:3.3 r1808647]
	at org.apache.jmeter.services.FileServer.readLine(FileServer.java:346) ~[ApacheJMeter_core.jar:3.3 r1808647]
	at org.apache.jmeter.services.FileServer.readLine(FileServer.java:330) ~[ApacheJMeter_core.jar:3.3 r1808647]
	at org.apache.jmeter.services.FileServer.reserveFile(FileServer.java:278) ~[ApacheJMeter_core.jar:3.3 r1808647]
	... 8 more
2020-06-21 18:44:19,230 INFO o.a.j.t.JMeterThread: Thread finished: Teacher 2-1
2020-06-21 18:44:19,554 INFO o.a.j.t.JMeterThread: Thread started: Student 1-2
2020-06-21 18:44:19,556 ERROR o.a.j.t.JMeterThread: Test failed!
java.lang.IllegalArgumentException: Could not read file header line for file qap-uat-student.csv
	at org.apache.jmeter.services.FileServer.reserveFile(FileServer.java:289) ~[ApacheJMeter_core.jar:3.3 r1808647]
	at org.apache.jmeter.config.CSVDataSet.iterationStart(CSVDataSet.java:181) ~[ApacheJMeter_components.jar:3.3 r1808647]
	at org.apache.jmeter.control.GenericController.fireIterationStart(GenericController.java:393) ~[ApacheJMeter_core.jar:3.3 r1808647]
	at org.apache.jmeter.control.GenericController.fireIterEvents(GenericController.java:385) ~[ApacheJMeter_core.jar:3.3 r1808647]
	at org.apache.jmeter.control.GenericController.next(GenericController.java:158) ~[ApacheJMeter_core.jar:3.3 r1808647]
	at org.apache.jmeter.control.LoopController.next(LoopController.java:123) ~[ApacheJMeter_core.jar:3.3 r1808647]
	at org.apache.jmeter.threads.AbstractThreadGroup.next(AbstractThreadGroup.java:87) ~[ApacheJMeter_core.jar:3.3 r1808647]
	at org.apache.jmeter.threads.JMeterThread.run(JMeterThread.java:253) [ApacheJMeter_core.jar:3.3 r1808647]
	at java.lang.Thread.run(Thread.java:748) [?:1.8.0_181]
Caused by: java.lang.IllegalArgumentException: File qap-uat-student.csv must exist and be readable
	at org.apache.jmeter.services.FileServer.createBufferedReader(FileServer.java:430) ~[ApacheJMeter_core.jar:3.3 r1808647]
	at org.apache.jmeter.services.FileServer.readLine(FileServer.java:346) ~[ApacheJMeter_core.jar:3.3 r1808647]
	at org.apache.jmeter.services.FileServer.readLine(FileServer.java:330) ~[ApacheJMeter_core.jar:3.3 r1808647]
	at org.apache.jmeter.services.FileServer.reserveFile(FileServer.java:278) ~[ApacheJMeter_core.jar:3.3 r1808647]
	... 8 more
2020-06-21 18:44:19,557 INFO o.a.j.t.JMeterThread: Thread finished: Student 1-2
2020-06-21 18:44:19,885 INFO o.a.j.t.JMeterThread: Thread started: Student 1-3
2020-06-21 18:44:19,889 ERROR o.a.j.t.JMeterThread: Test failed!
java.lang.IllegalArgumentException: Could not read file header line for file qap-uat-student.csv
	at org.apache.jmeter.services.FileServer.reserveFile(FileServer.java:289) ~[ApacheJMeter_core.jar:3.3 r1808647]
	at org.apache.jmeter.config.CSVDataSet.iterationStart(CSVDataSet.java:181) ~[ApacheJMeter_components.jar:3.3 r1808647]
	at org.apache.jmeter.control.GenericController.fireIterationStart(GenericController.java:393) ~[ApacheJMeter_core.jar:3.3 r1808647]
	at org.apache.jmeter.control.GenericController.fireIterEvents(GenericController.java:385) ~[ApacheJMeter_core.jar:3.3 r1808647]
	at org.apache.jmeter.control.GenericController.next(GenericController.java:158) ~[ApacheJMeter_core.jar:3.3 r1808647]
	at org.apache.jmeter.control.LoopController.next(LoopController.java:123) ~[ApacheJMeter_core.jar:3.3 r1808647]
	at org.apache.jmeter.threads.AbstractThreadGroup.next(AbstractThreadGroup.java:87) ~[ApacheJMeter_core.jar:3.3 r1808647]
	at org.apache.jmeter.threads.JMeterThread.run(JMeterThread.java:253) [ApacheJMeter_core.jar:3.3 r1808647]
	at java.lang.Thread.run(Thread.java:748) [?:1.8.0_181]
Caused by: java.lang.IllegalArgumentException: File qap-uat-student.csv must exist and be readable
	at org.apache.jmeter.services.FileServer.createBufferedReader(FileServer.java:430) ~[ApacheJMeter_core.jar:3.3 r1808647]
	at org.apache.jmeter.services.FileServer.readLine(FileServer.java:346) ~[ApacheJMeter_core.jar:3.3 r1808647]
	at org.apache.jmeter.services.FileServer.readLine(FileServer.java:330) ~[ApacheJMeter_core.jar:3.3 r1808647]
	at org.apache.jmeter.services.FileServer.reserveFile(FileServer.java:278) ~[ApacheJMeter_core.jar:3.3 r1808647]
	... 8 more
2020-06-21 18:44:19,889 INFO o.a.j.t.JMeterThread: Thread finished: Student 1-3
2020-06-21 18:44:19,891 INFO o.a.j.e.StandardJMeterEngine: Notifying test listeners of end of test
2020-06-21 18:44:19,891 INFO o.a.j.s.DataStrippingSampleSender: Test Ended on 10.244.2.38
2020-06-21 18:44:19,891 INFO o.a.j.s.BatchSampleSender: Test Ended on 10.244.2.38
2020-06-21 18:44:19,893 INFO o.a.j.s.DataStrippingSampleSender: Test Ended on 10.244.2.38
2020-06-21 18:44:19,893 INFO o.a.j.s.BatchSampleSender: Test Ended on 10.244.2.38
2020-06-21 18:44:19,894 INFO o.a.j.s.DataStrippingSampleSender: Test Ended on 10.244.2.38
2020-06-21 18:44:19,894 INFO o.a.j.s.BatchSampleSender: Test Ended on 10.244.2.38
2020-06-21 18:44:19,901 INFO o.a.j.e.StandardJMeterEngine: Test has ended on host 10.244.2.38
2020-06-21 19:08:04,476 INFO o.a.j.s.BatchSampleSender: Using batching for this run. Thresholds: num=100, time=60000
2020-06-21 19:08:04,477 INFO o.a.j.s.DataStrippingSampleSender: Using DataStrippingSampleSender for this run with stripAlsoOnError: true
2020-06-21 19:08:04,477 INFO o.a.j.s.BatchSampleSender: Using batching for this run. Thresholds: num=100, time=60000
2020-06-21 19:08:04,477 INFO o.a.j.s.DataStrippingSampleSender: Using DataStrippingSampleSender for this run with stripAlsoOnError: true
2020-06-21 19:08:04,477 INFO o.a.j.s.BatchSampleSender: Using batching for this run. Thresholds: num=100, time=60000
2020-06-21 19:08:04,477 INFO o.a.j.s.DataStrippingSampleSender: Using DataStrippingSampleSender for this run with stripAlsoOnError: true
2020-06-21 19:08:04,557 INFO o.a.j.e.RemoteJMeterEngineImpl: Creating JMeter engine on host 10.244.2.38 base '.'
2020-06-21 19:08:04,557 INFO o.a.j.e.RemoteJMeterEngineImpl: Remote client host: 10.244.2.37
2020-06-21 19:08:04,557 INFO o.a.j.s.FileServer: Set new base='.'
2020-06-21 19:08:04,563 INFO o.a.j.e.RemoteJMeterEngineImpl: Cleaning previously set properties: {}
2020-06-21 19:08:04,563 INFO o.a.j.e.StandardJMeterEngine: Applying properties {}
2020-06-21 19:08:04,575 INFO o.a.j.e.RemoteJMeterEngineImpl: Running test
2020-06-21 19:08:04,586 INFO o.a.j.e.StandardJMeterEngine: Running the test!
2020-06-21 19:08:04,589 INFO o.a.j.s.SampleEvent: List of sample_variables: []
2020-06-21 19:08:04,875 INFO o.a.j.e.StandardJMeterEngine: Starting ThreadGroup: 1 : Student
2020-06-21 19:08:04,875 INFO o.a.j.e.StandardJMeterEngine: Starting 3 threads for group Student.
2020-06-21 19:08:04,875 INFO o.a.j.e.StandardJMeterEngine: Thread will continue on error
2020-06-21 19:08:04,876 INFO o.a.j.t.ThreadGroup: Starting thread group... number=1 threads=3 ramp-up=1 perThread=333.33334 delayedStart=false
2020-06-21 19:08:04,899 INFO o.a.j.t.ThreadGroup: Started thread group number 1
2020-06-21 19:08:04,899 INFO o.a.j.e.StandardJMeterEngine: Starting ThreadGroup: 2 : Teacher
2020-06-21 19:08:04,899 INFO o.a.j.e.StandardJMeterEngine: Starting 1 threads for group Teacher.
2020-06-21 19:08:04,899 INFO o.a.j.e.StandardJMeterEngine: Thread will continue on error
2020-06-21 19:08:04,899 INFO o.a.j.t.ThreadGroup: Starting thread group... number=2 threads=1 ramp-up=1 perThread=1000.0 delayedStart=false
2020-06-21 19:08:04,890 INFO o.a.j.t.JMeterThread: Thread started: Student 1-1
2020-06-21 19:08:04,943 INFO o.a.j.t.ThreadGroup: Started thread group number 2
2020-06-21 19:08:04,943 INFO o.a.j.e.StandardJMeterEngine: All thread groups have been started
2020-06-21 19:08:04,944 INFO o.a.j.t.JMeterThread: Thread started: Teacher 2-1
2020-06-21 19:08:04,947 INFO o.a.j.s.FileServer: Stored: /jmeter/qap-uat-student.csv
2020-06-21 19:08:04,995 INFO o.a.j.s.FileServer: Stored: /jmeter/qap-uat-teacher.csv
2020-06-21 19:08:05,011 INFO o.a.j.s.FileServer: Stored: /jmeter/qap-uat-exam-1mb.csv
2020-06-21 19:08:05,230 INFO o.a.j.t.JMeterThread: Thread started: Student 1-2
2020-06-21 19:08:05,570 INFO o.a.j.t.JMeterThread: Thread started: Student 1-3
2020-06-21 19:08:08,045 INFO o.a.j.p.h.s.LazySchemeSocketFactory: Setting up HTTPS TrustAll Socket Factory
2020-06-21 19:08:08,065 INFO o.a.j.u.JsseSSLManager: Using default SSL protocol: TLS
2020-06-21 19:08:08,065 INFO o.a.j.u.JsseSSLManager: SSL session context: per-thread
2020-06-21 19:08:08,448 INFO o.a.j.u.SSLManager: JmeterKeyStore Location:  type JKS
2020-06-21 19:08:08,452 INFO o.a.j.u.SSLManager: KeyStore created OK
2020-06-21 19:08:08,452 WARN o.a.j.u.SSLManager: Keystore file not found, loading empty keystore
2020-06-21 19:09:27,312 INFO o.a.j.t.JMeterThread: Thread is done: Teacher 2-1
2020-06-21 19:09:27,312 INFO o.a.j.t.JMeterThread: Thread finished: Teacher 2-1
2020-06-21 19:09:35,074 INFO o.a.j.t.JMeterThread: Thread is done: Student 1-2
2020-06-21 19:09:35,074 INFO o.a.j.t.JMeterThread: Thread finished: Student 1-2
2020-06-21 19:09:50,963 INFO o.a.j.t.JMeterThread: Thread is done: Student 1-1
2020-06-21 19:09:50,963 INFO o.a.j.t.JMeterThread: Thread finished: Student 1-1
2020-06-21 19:09:58,165 INFO o.a.j.t.JMeterThread: Thread is done: Student 1-3
2020-06-21 19:09:58,165 INFO o.a.j.t.JMeterThread: Thread finished: Student 1-3
2020-06-21 19:09:58,166 INFO o.a.j.e.StandardJMeterEngine: Notifying test listeners of end of test
2020-06-21 19:09:58,166 INFO o.a.j.s.FileServer: Close: /jmeter/qap-uat-teacher.csv
2020-06-21 19:09:58,167 INFO o.a.j.s.FileServer: Close: /jmeter/qap-uat-exam-1mb.csv
2020-06-21 19:09:58,167 INFO o.a.j.s.FileServer: Close: /jmeter/qap-uat-student.csv
2020-06-21 19:09:58,167 INFO o.a.j.s.DataStrippingSampleSender: Test Ended on 10.244.2.38
2020-06-21 19:09:58,167 INFO o.a.j.s.BatchSampleSender: Test Ended on 10.244.2.38
2020-06-21 19:09:58,175 INFO o.a.j.s.DataStrippingSampleSender: Test Ended on 10.244.2.38
2020-06-21 19:09:58,176 INFO o.a.j.s.BatchSampleSender: Test Ended on 10.244.2.38
2020-06-21 19:09:58,180 INFO o.a.j.s.DataStrippingSampleSender: Test Ended on 10.244.2.38
2020-06-21 19:09:58,180 INFO o.a.j.s.BatchSampleSender: Test Ended on 10.244.2.38
2020-06-21 19:09:58,199 INFO o.a.j.e.StandardJMeterEngine: Test has ended on host 10.244.2.38
